Build started 7/4/2013 11:59:09 PM.
     1>Project "D:\Engineering\Graduation Project\Modified Version\CMakeFiles\2.8.11.1\CompilerIdCXX\CompilerIdCXX.vcxproj" on node 2 (Build target(s)).
     1>InitializeBuildStatus:
         Creating "Debug\CompilerIdCXX.unsuccessfulbuild" because "AlwaysCreate" was specified.
       ClCompile:
         D:\Program Files (x86)\Microsoft Visual Studio 11.0\VC\bin\x86_amd64\CL.exe /c /nologo /W0 /WX- /Od /D _MBCS /Gm- /EHsc /RTC1 /MDd /GS /fp:precise /Zc:wchar_t /Zc:forScope /Fo"Debug\\" /Fd"Debug\vc110.pdb" /Gd /TP /errorReport:prompt CMakeCXXCompilerId.cpp
         CMakeCXXCompilerId.cpp
       Link:
         D:\Program Files (x86)\Microsoft Visual Studio 11.0\VC\bin\x86_amd64\link.exe /ERRORREPORT:PROMPT /OUT:".\CompilerIdCXX.exe" /INCREMENTAL:NO /NOLOGO kernel32.lib user32.lib gdi32.lib winspool.lib comdlg32.lib advapi32.lib shell32.lib ole32.lib oleaut32.lib uuid.lib odbc32.lib odbccp32.lib /MANIFEST /MANIFESTUAC:"level='asInvoker' uiAccess='false'" /manifest:embed /PDB:".\CompilerIdCXX.pdb" /SUBSYSTEM:CONSOLE /TLBID:1 /DYNAMICBASE /NXCOMPAT /IMPLIB:".\CompilerIdCXX.lib" /MACHINE:X64 Debug\CMakeCXXCompilerId.obj
         CompilerIdCXX.vcxproj -> D:\Engineering\Graduation Project\Modified Version\CMakeFiles\2.8.11.1\CompilerIdCXX\.\CompilerIdCXX.exe
       PostBuildEvent:
         for %%i in (cl.exe) do @echo CMAKE_CXX_COMPILER=%%~$PATH:i
         :VCEnd
         CMAKE_CXX_COMPILER=D:\Program Files (x86)\Microsoft Visual Studio 11.0\VC\bin\x86_amd64\cl.exe
       FinalizeBuildStatus:
         Deleting file "Debug\CompilerIdCXX.unsuccessfulbuild".
         Touching "Debug\CompilerIdCXX.lastbuildstate".
     1>Done Building Project "D:\Engineering\Graduation Project\Modified Version\CMakeFiles\2.8.11.1\CompilerIdCXX\CompilerIdCXX.vcxproj" (Build target(s)).

Build succeeded.

Time Elapsed 00:00:00.71
